mode: set
github.com/rodolfoalvesg/api-banking/api/src/controllers/account-login.go:15.75,17.16 2 0
github.com/rodolfoalvesg/api-banking/api/src/controllers/account-login.go:22.2,23.62 2 0
github.com/rodolfoalvesg/api-banking/api/src/controllers/account-login.go:28.2,32.16 4 0
github.com/rodolfoalvesg/api-banking/api/src/controllers/account-login.go:37.2,38.16 2 0
github.com/rodolfoalvesg/api-banking/api/src/controllers/account-login.go:43.2,44.16 2 0
github.com/rodolfoalvesg/api-banking/api/src/controllers/account-login.go:48.2,48.101 1 0
github.com/rodolfoalvesg/api-banking/api/src/controllers/account-login.go:17.16,20.3 2 0
github.com/rodolfoalvesg/api-banking/api/src/controllers/account-login.go:23.62,26.3 2 0
github.com/rodolfoalvesg/api-banking/api/src/controllers/account-login.go:32.16,35.3 2 0
github.com/rodolfoalvesg/api-banking/api/src/controllers/account-login.go:38.16,41.3 2 0
github.com/rodolfoalvesg/api-banking/api/src/controllers/account-login.go:44.16,46.3 1 0
github.com/rodolfoalvesg/api-banking/api/src/controllers/account-transfers.go:13.62,15.16 2 0
github.com/rodolfoalvesg/api-banking/api/src/controllers/account-transfers.go:19.2,21.16 3 0
github.com/rodolfoalvesg/api-banking/api/src/controllers/account-transfers.go:25.2,25.22 1 0
github.com/rodolfoalvesg/api-banking/api/src/controllers/account-transfers.go:15.16,17.3 1 0
github.com/rodolfoalvesg/api-banking/api/src/controllers/account-transfers.go:21.16,23.3 1 0
github.com/rodolfoalvesg/api-banking/api/src/controllers/account-transfers.go:28.60,30.2 1 0
github.com/rodolfoalvesg/api-banking/api/src/controllers/accounts-methods.go:14.83,17.16 3 1
github.com/rodolfoalvesg/api-banking/api/src/controllers/accounts-methods.go:21.2,23.47 2 1
github.com/rodolfoalvesg/api-banking/api/src/controllers/accounts-methods.go:17.16,19.3 1 0
github.com/rodolfoalvesg/api-banking/api/src/controllers/accounts-methods.go:27.81,36.16 5 1
github.com/rodolfoalvesg/api-banking/api/src/controllers/accounts-methods.go:40.2,44.66 2 1
github.com/rodolfoalvesg/api-banking/api/src/controllers/accounts-methods.go:36.16,38.3 1 1
github.com/rodolfoalvesg/api-banking/api/src/controllers/accounts-methods.go:48.82,51.16 3 1
github.com/rodolfoalvesg/api-banking/api/src/controllers/accounts-methods.go:55.2,55.54 1 1
github.com/rodolfoalvesg/api-banking/api/src/controllers/accounts-methods.go:51.16,53.3 1 0
github.com/rodolfoalvesg/api-banking/api/src/controllers/controller.go:16.48,18.2 1 1
